<?xml version="1.0" encoding="UTF-8"?>
<!-- Generated by org.testng.reporters.JUnitXMLReporter -->
<testsuite hostname="ashish" name="Command line test" tests="3" failures="0" timestamp="17 Jul 2015 02:38:10 GMT" time="7.035" errors="0">
  <testcase name="getCSJobs" time="0.453" classname="springmvc.model.dao.CSJobsTest"/>
  <testcase name="getCSJobsApplicants" time="0.047" classname="springmvc.model.dao.CSJobsTest"/>
  <testcase name="getCSReview" time="0.047" classname="springmvc.model.dao.CSJobsTest"/>
</testsuite> <!-- Command line test -->
