<?xml version="1.0" encoding="UTF-8"?>
<!-- Generated by org.testng.reporters.JUnitXMLReporter -->
<testsuite hostname="ashish" name="Command line test" tests="3" failures="0" timestamp="21 Aug 2015 06:17:41 GMT" time="7.688" errors="0">
  <testcase name="getUserByEmail" time="0.549" classname="csjobs.model.dao.UserDaoTest"/>
  <testcase name="getUserById" time="0.016" classname="csjobs.model.dao.UserDaoTest"/>
  <testcase name="checkApplication" time="0.047" classname="csjobs.model.dao.UserDaoTest"/>
</testsuite> <!-- Command line test -->
