<?xml version="1.0" encoding="UTF-8"?>
<testng-results skipped="0" failed="0" total="3" passed="3">
  <reporter-output>
  </reporter-output>
  <suite name="Command line suite" duration-ms="7688" started-at="2015-08-21T06:17:33Z" finished-at="2015-08-21T06:17:41Z">
    <groups>
      <group name="UserDaoTest">
        <method signature="UserDaoTest.getUserByEmail()[pri:0, instance:csjobs.model.dao.UserDaoTest@69ddcfef]" name="getUserByEmail" class="csjobs.model.dao.UserDaoTest"/>
        <method signature="UserDaoTest.checkApplication()[pri:0, instance:csjobs.model.dao.UserDaoTest@69ddcfef]" name="checkApplication" class="csjobs.model.dao.UserDaoTest"/>
        <method signature="UserDaoTest.getUserById()[pri:0, instance:csjobs.model.dao.UserDaoTest@69ddcfef]" name="getUserById" class="csjobs.model.dao.UserDaoTest"/>
      </group> <!-- UserDaoTest -->
    </groups>
    <test name="Command line test" duration-ms="7688" started-at="2015-08-21T06:17:33Z" finished-at="2015-08-21T06:17:41Z">
      <class name="csjobs.model.dao.UserDaoTest">
        <test-method status="PASS" signature="springTestContextBeforeTestClass()[pri:0, instance:csjobs.model.dao.UserDaoTest@69ddcfef]" name="springTestContextBeforeTestClass" is-config="true" duration-ms="31" started-at="2015-08-20T23:17:33Z" finished-at="2015-08-20T23:17:33Z">
          <reporter-output>
          </reporter-output>
        </test-method> <!-- springTestContextBeforeTestClass -->
        <test-method status="PASS" signature="springTestContextPrepareTestInstance()[pri:0, instance:csjobs.model.dao.UserDaoTest@69ddcfef]" name="springTestContextPrepareTestInstance" is-config="true" duration-ms="6718" started-at="2015-08-20T23:17:33Z" depends-on-methods="org.springframework.test.context.testng.AbstractTestNGSpringContextTests.springTestContextBeforeTestClass" finished-at="2015-08-20T23:17:40Z">
          <reporter-output>
          </reporter-output>
        </test-method> <!-- springTestContextPrepareTestInstance -->
        <test-method status="PASS" signature="springTestContextBeforeTestMethod(java.lang.reflect.Method)[pri:0, instance:csjobs.model.dao.UserDaoTest@69ddcfef]" name="springTestContextBeforeTestMethod" is-config="true" duration-ms="218" started-at="2015-08-20T23:17:40Z" finished-at="2015-08-20T23:17:40Z">
          <params>
            <param index="0">
              <value>
                <![CDATA[public void csjobs.model.dao.UserDaoTest.getUserByEmail()]]>
              </value>
            </param>
          </params>
          <reporter-output>
          </reporter-output>
        </test-method> <!-- springTestContextBeforeTestMethod -->
        <test-method status="PASS" signature="getUserByEmail()[pri:0, instance:csjobs.model.dao.UserDaoTest@69ddcfef]" name="getUserByEmail" duration-ms="549" started-at="2015-08-20T23:17:40Z" finished-at="2015-08-20T23:17:41Z">
          <reporter-output>
          </reporter-output>
        </test-method> <!-- getUserByEmail -->
        <test-method status="PASS" signature="springTestContextAfterTestMethod(java.lang.reflect.Method)[pri:0, instance:csjobs.model.dao.UserDaoTest@69ddcfef]" name="springTestContextAfterTestMethod" is-config="true" duration-ms="15" started-at="2015-08-20T23:17:41Z" finished-at="2015-08-20T23:17:41Z">
          <params>
            <param index="0">
              <value>
                <![CDATA[public void csjobs.model.dao.UserDaoTest.getUserByEmail()]]>
              </value>
            </param>
          </params>
          <reporter-output>
          </reporter-output>
        </test-method> <!-- springTestContextAfterTestMethod -->
        <test-method status="PASS" signature="springTestContextBeforeTestMethod(java.lang.reflect.Method)[pri:0, instance:csjobs.model.dao.UserDaoTest@69ddcfef]" name="springTestContextBeforeTestMethod" is-config="true" duration-ms="16" started-at="2015-08-20T23:17:41Z" finished-at="2015-08-20T23:17:41Z">
          <params>
            <param index="0">
              <value>
                <![CDATA[public void csjobs.model.dao.UserDaoTest.getUserById()]]>
              </value>
            </param>
          </params>
          <reporter-output>
          </reporter-output>
        </test-method> <!-- springTestContextBeforeTestMethod -->
        <test-method status="PASS" signature="getUserById()[pri:0, instance:csjobs.model.dao.UserDaoTest@69ddcfef]" name="getUserById" duration-ms="16" started-at="2015-08-20T23:17:41Z" finished-at="2015-08-20T23:17:41Z">
          <reporter-output>
          </reporter-output>
        </test-method> <!-- getUserById -->
        <test-method status="PASS" signature="springTestContextAfterTestMethod(java.lang.reflect.Method)[pri:0, instance:csjobs.model.dao.UserDaoTest@69ddcfef]" name="springTestContextAfterTestMethod" is-config="true" duration-ms="0" started-at="2015-08-20T23:17:41Z" finished-at="2015-08-20T23:17:41Z">
          <params>
            <param index="0">
              <value>
                <![CDATA[public void csjobs.model.dao.UserDaoTest.getUserById()]]>
              </value>
            </param>
          </params>
          <reporter-output>
          </reporter-output>
        </test-method> <!-- springTestContextAfterTestMethod -->
        <test-method status="PASS" signature="springTestContextBeforeTestMethod(java.lang.reflect.Method)[pri:0, instance:csjobs.model.dao.UserDaoTest@69ddcfef]" name="springTestContextBeforeTestMethod" is-config="true" duration-ms="16" started-at="2015-08-20T23:17:41Z" finished-at="2015-08-20T23:17:41Z">
          <params>
            <param index="0">
              <value>
                <![CDATA[public void csjobs.model.dao.UserDaoTest.checkApplication()]]>
              </value>
            </param>
          </params>
          <reporter-output>
          </reporter-output>
        </test-method> <!-- springTestContextBeforeTestMethod -->
        <test-method status="PASS" signature="checkApplication()[pri:0, instance:csjobs.model.dao.UserDaoTest@69ddcfef]" name="checkApplication" duration-ms="47" started-at="2015-08-20T23:17:41Z" depends-on-methods="csjobs.model.dao.UserDaoTest.getUserByEmail" finished-at="2015-08-20T23:17:41Z">
          <reporter-output>
          </reporter-output>
        </test-method> <!-- checkApplication -->
        <test-method status="PASS" signature="springTestContextAfterTestClass()[pri:0, instance:csjobs.model.dao.UserDaoTest@69ddcfef]" name="springTestContextAfterTestClass" is-config="true" duration-ms="15" started-at="2015-08-20T23:17:41Z" finished-at="2015-08-20T23:17:41Z">
          <reporter-output>
          </reporter-output>
        </test-method> <!-- springTestContextAfterTestClass -->
        <test-method status="PASS" signature="springTestContextAfterTestMethod(java.lang.reflect.Method)[pri:0, instance:csjobs.model.dao.UserDaoTest@69ddcfef]" name="springTestContextAfterTestMethod" is-config="true" duration-ms="0" started-at="2015-08-20T23:17:41Z" finished-at="2015-08-20T23:17:41Z">
          <params>
            <param index="0">
              <value>
                <![CDATA[public void csjobs.model.dao.UserDaoTest.checkApplication()]]>
              </value>
            </param>
          </params>
          <reporter-output>
          </reporter-output>
        </test-method> <!-- springTestContextAfterTestMethod -->
      </class> <!-- csjobs.model.dao.UserDaoTest -->
    </test> <!-- Command line test -->
  </suite> <!-- Command line suite -->
</testng-results>
