<?xml version="1.0" encoding="UTF-8"?>
<testng-results skipped="0" failed="0" total="1" passed="1">
  <reporter-output>
  </reporter-output>
  <suite name="Default suite" duration-ms="6991" started-at="2015-07-17T06:51:28Z" finished-at="2015-07-17T06:51:35Z">
    <groups>
      <group name="CSJobsDaoTest">
        <method signature="CSJobsDaoTest.getCSJobs()[pri:0, instance:springmvc.model.dao.CSJobsDaoTest@1405554a]" name="getCSJobs" class="springmvc.model.dao.CSJobsDaoTest"/>
      </group> <!-- CSJobsDaoTest -->
    </groups>
    <test name="Default test" duration-ms="6991" started-at="2015-07-17T06:51:28Z" finished-at="2015-07-17T06:51:35Z">
      <class name="springmvc.model.dao.CSJobsDaoTest">
        <test-method status="PASS" signature="springTestContextBeforeTestClass()[pri:0, instance:springmvc.model.dao.CSJobsDaoTest@1405554a]" name="springTestContextBeforeTestClass" is-config="true" duration-ms="32" started-at="2015-07-16T23:51:28Z" finished-at="2015-07-16T23:51:28Z">
          <reporter-output>
          </reporter-output>
        </test-method> <!-- springTestContextBeforeTestClass -->
        <test-method status="PASS" signature="springTestContextPrepareTestInstance()[pri:0, instance:springmvc.model.dao.CSJobsDaoTest@1405554a]" name="springTestContextPrepareTestInstance" is-config="true" duration-ms="6136" started-at="2015-07-16T23:51:28Z" depends-on-methods="org.springframework.test.context.testng.AbstractTestNGSpringContextTests.springTestContextBeforeTestClass" finished-at="2015-07-16T23:51:34Z">
          <reporter-output>
          </reporter-output>
        </test-method> <!-- springTestContextPrepareTestInstance -->
        <test-method status="PASS" signature="springTestContextBeforeTestMethod(java.lang.reflect.Method)[pri:0, instance:springmvc.model.dao.CSJobsDaoTest@1405554a]" name="springTestContextBeforeTestMethod" is-config="true" duration-ms="185" started-at="2015-07-16T23:51:34Z" finished-at="2015-07-16T23:51:34Z">
          <params>
            <param index="0">
              <value>
                <![CDATA[public void springmvc.model.dao.CSJobsDaoTest.getCSJobs()]]>
              </value>
            </param>
          </params>
          <reporter-output>
          </reporter-output>
        </test-method> <!-- springTestContextBeforeTestMethod -->
        <test-method status="PASS" signature="getCSJobs()[pri:0, instance:springmvc.model.dao.CSJobsDaoTest@1405554a]" name="getCSJobs" duration-ms="561" started-at="2015-07-16T23:51:34Z" finished-at="2015-07-16T23:51:35Z">
          <reporter-output>
          </reporter-output>
        </test-method> <!-- getCSJobs -->
        <test-method status="PASS" signature="springTestContextAfterTestMethod(java.lang.reflect.Method)[pri:0, instance:springmvc.model.dao.CSJobsDaoTest@1405554a]" name="springTestContextAfterTestMethod" is-config="true" duration-ms="31" started-at="2015-07-16T23:51:35Z" finished-at="2015-07-16T23:51:35Z">
          <params>
            <param index="0">
              <value>
                <![CDATA[public void springmvc.model.dao.CSJobsDaoTest.getCSJobs()]]>
              </value>
            </param>
          </params>
          <reporter-output>
          </reporter-output>
        </test-method> <!-- springTestContextAfterTestMethod -->
        <test-method status="PASS" signature="springTestContextAfterTestClass()[pri:0, instance:springmvc.model.dao.CSJobsDaoTest@1405554a]" name="springTestContextAfterTestClass" is-config="true" duration-ms="0" started-at="2015-07-16T23:51:35Z" finished-at="2015-07-16T23:51:35Z">
          <reporter-output>
          </reporter-output>
        </test-method> <!-- springTestContextAfterTestClass -->
      </class> <!-- springmvc.model.dao.CSJobsDaoTest -->
    </test> <!-- Default test -->
  </suite> <!-- Default suite -->
</testng-results>
